app/build/intermediates/manifest_merge_blame_file/debug/manifest-merger-blame-debug-report.txt
1<?xml version="1.0" encoding="utf-8"?>
2<manifest xmlns:android="http://schemas.android.com/apk/res/android"
3    package="com.example.milestonetwo"
4    android:versionCode="1"
5    android:versionName="1.0" >
6
7    <uses-sdk
8        android:minSdkVersion="30"
8-->src\main\AndroidManifest.xml
9        android:targetSdkVersion="30" />
9-->src\main\AndroidManifest.xml
10
11    <application
11-->src\main\AndroidManifest.xml:6:5-57:19
12        android:allowBackup="true"
12-->src\main\AndroidManifest.xml:7:9-35
13        android:appComponentFactory="androidx.core.app.CoreComponentFactory"
13-->[androidx.core:core:1.3.2] AndroidManifest.xml:24:18-86
14        android:debuggable="true"
15        android:extractNativeLibs="false"
16        android:icon="@mipmap/ic_launcher"
16-->src\main\AndroidManifest.xml:8:9-43
17        android:label="@string/app_name"
17-->src\main\AndroidManifest.xml:9:9-41
18        android:roundIcon="@mipmap/ic_launcher_round"
18-->src\main\AndroidManifest.xml:10:9-54
19        android:supportsRtl="true"
19-->src\main\AndroidManifest.xml:11:9-35
20        android:testOnly="true"
21        android:theme="@style/Theme.Design.NoActionBar" >
21-->src\main\AndroidManifest.xml:12:9-56
22        <activity
22-->src\main\AndroidManifest.xml:15:9-23:20
23            android:name="com.example.milestonetwo.Welcome"
23-->src\main\AndroidManifest.xml:16:13-36
24            android:configChanges="keyboard|keyboardHidden|orientation|screenLayout"
24-->src\main\AndroidManifest.xml:18:13-85
25            android:screenOrientation="landscape" >
25-->src\main\AndroidManifest.xml:17:13-50
26            <intent-filter>
26-->src\main\AndroidManifest.xml:19:13-22:29
27                <action android:name="android.intent.action.MAIN" />
27-->src\main\AndroidManifest.xml:20:17-69
27-->src\main\AndroidManifest.xml:20:25-66
28
29                <category android:name="android.intent.category.LAUNCHER" />
29-->src\main\AndroidManifest.xml:21:17-77
29-->src\main\AndroidManifest.xml:21:27-74
30            </intent-filter>
31        </activity>
32        <activity
32-->src\main\AndroidManifest.xml:25:9-28:87
33            android:name="com.example.milestonetwo.Config"
33-->src\main\AndroidManifest.xml:26:13-35
34            android:configChanges="keyboard|keyboardHidden|orientation|screenLayout"
34-->src\main\AndroidManifest.xml:28:13-85
35            android:screenOrientation="landscape" />
35-->src\main\AndroidManifest.xml:27:13-50
36        <activity
36-->src\main\AndroidManifest.xml:30:9-39:20
37            android:name="com.example.milestonetwo.Game"
37-->src\main\AndroidManifest.xml:31:13-33
38            android:configChanges="keyboard|keyboardHidden|orientation|screenLayout"
38-->src\main\AndroidManifest.xml:34:13-85
39            android:exported="true"
39-->src\main\AndroidManifest.xml:32:13-36
40            android:screenOrientation="landscape" >
40-->src\main\AndroidManifest.xml:33:13-50
41
42            <!-- <intent-filter> -->
43            <!-- <action android:name="android.intent.action.MAIN" /> -->
44            <!-- <category android:name="android.intent.category.LAUNCHER" /> -->
45            <!-- </intent-filter> -->
46        </activity>
47        <activity
47-->src\main\AndroidManifest.xml:41:9-44:87
48            android:name="com.example.milestonetwo.Shop"
48-->src\main\AndroidManifest.xml:42:13-33
49            android:configChanges="keyboard|keyboardHidden|orientation|screenLayout"
49-->src\main\AndroidManifest.xml:44:13-85
50            android:screenOrientation="landscape" />
50-->src\main\AndroidManifest.xml:43:13-50
51        <activity
51-->src\main\AndroidManifest.xml:47:9-50:87
52            android:name="com.example.milestonetwo.GameOver"
52-->src\main\AndroidManifest.xml:48:13-37
53            android:configChanges="keyboard|keyboardHidden|orientation|screenLayout"
53-->src\main\AndroidManifest.xml:50:13-85
54            android:screenOrientation="landscape" />
54-->src\main\AndroidManifest.xml:49:13-50
55        <activity
55-->src\main\AndroidManifest.xml:52:9-55:87
56            android:name="com.example.milestonetwo.WinScreen"
56-->src\main\AndroidManifest.xml:53:13-38
57            android:configChanges="keyboard|keyboardHidden|orientation|screenLayout"
57-->src\main\AndroidManifest.xml:55:13-85
58            android:screenOrientation="landscape" />
58-->src\main\AndroidManifest.xml:54:13-50
59        <activity
59-->[com.google.android.gms:play-services-base:18.0.1] AndroidManifest.xml:20:9-22:45
60            android:name="com.google.android.gms.common.api.GoogleApiActivity"
60-->[com.google.android.gms:play-services-base:18.0.1] AndroidManifest.xml:20:19-85
61            android:exported="false"
61-->[com.google.android.gms:play-services-base:18.0.1] AndroidManifest.xml:22:19-43
62            android:theme="@android:style/Theme.Translucent.NoTitleBar" />
62-->[com.google.android.gms:play-services-base:18.0.1] AndroidManifest.xml:21:19-78
63
64        <meta-data
64-->[com.google.android.gms:play-services-basement:18.0.0] AndroidManifest.xml:21:9-23:69
65            android:name="com.google.android.gms.version"
65-->[com.google.android.gms:play-services-basement:18.0.0] AndroidManifest.xml:22:13-58
66            android:value="@integer/google_play_services_version" />
66-->[com.google.android.gms:play-services-basement:18.0.0] AndroidManifest.xml:23:13-66
67    </application>
68
69</manifest>